# JRE version: OpenJDK Runtime Environment GraalVM CE 22.3.0 (17.0.5+8) (build 17.0.5+8-jvmci-22.3-b08)
# Java VM: OpenJDK 64-Bit Server VM GraalVM CE 22.3.0 (17.0.5+8-jvmci-22.3-b08, mixed mode, sharing, tiered, jvmci, jvmci compiler, compressed oops, compressed class ptrs, parallel gc, linux-amd64)
GC Precious Log:
 CPUs: 8 total, 1 available
 Memory: 1024M
 Large Page Support: Disabled
 NUMA Support: Disabled
 Compressed Oops: Enabled (32-bit)
 Alignments: Space 512K, Generation 512K, Heap 2M
 Heap Min Capacity: 100M
 Heap Initial Capacity: 100M
 Heap Max Capacity: 512M
 Pre-touch: Disabled
 Parallel Workers: 1
Heap:
 PSYoungGen      total 58368K, used 35839K [0x00000000f5580000, 0x00000000fad00000, 0x0000000100000000)
  eden space 35840K, 99% used [0x00000000f5580000,0x00000000f787fff8,0x00000000f7880000)
  from space 22528K, 0% used [0x00000000f9580000,0x00000000f9580000,0x00000000fab80000)
  to   space 26112K, 0% used [0x00000000f7880000,0x00000000f7880000,0x00000000f9200000)
 ParOldGen       total 349696K, used 349696K [0x00000000e0000000, 0x00000000f5580000, 0x00000000f5580000)
  object space 349696K, 100% used [0x00000000e0000000,0x00000000f5580000,0x00000000f5580000)
 Metaspace       used 61173K, committed 62208K, reserved 1105920K
  class space    used 5993K, committed 6400K, reserved 1048576K
GC Heap History (20 events):
Event: 1995.788 GC heap before
{Heap before GC invocations=1520 (full 1415):
 PSYoungGen      total 58368K, used 35839K [0x00000000f5580000, 0x00000000fad00000, 0x0000000100000000)
  eden space 35840K, 99% used [0x00000000f5580000,0x00000000f787fff0,0x00000000f7880000)
  from space 22528K, 0% used [0x00000000f9580000,0x00000000f9580000,0x00000000fab80000)
  to   space 26112K, 0% used [0x00000000f7880000,0x00000000f7880000,0x00000000f9200000)
 ParOldGen       total 349696K, used 349696K [0x00000000e0000000, 0x00000000f5580000, 0x00000000f5580000)
  object space 349696K, 100% used [0x00000000e0000000,0x00000000f5580000,0x00000000f5580000)
 Metaspace       used 61173K, committed 62208K, reserved 1105920K
  class space    used 5993K, committed 6400K, reserved 1048576K
}
Event: 1997.056 GC heap after
{Heap after GC invocations=1520 (full 1415):
 PSYoungGen      total 61952K, used 35839K [0x00000000f5580000, 0x00000000fad00000, 0x0000000100000000)
  eden space 35840K, 99% used [0x00000000f5580000,0x00000000f787fff0,0x00000000f7880000)
  from space 26112K, 0% used [0x00000000f7880000,0x00000000f7880000,0x00000000f9200000)
  to   space 22528K, 0% used [0x00000000f9580000,0x00000000f9580000,0x00000000fab80000)
 ParOldGen       total 349696K, used 349696K [0x00000000e0000000, 0x00000000f5580000, 0x00000000f5580000)
  object space 349696K, 100% used [0x00000000e0000000,0x00000000f5580000,0x00000000f5580000)
 Metaspace       used 61173K, committed 62208K, reserved 1105920K
  class space    used 5993K, committed 6400K, reserved 1048576K
}
Event: 1997.060 GC heap before
{Heap before GC invocations=1521 (full 1416):
 PSYoungGen      total 61952K, used 35839K [0x00000000f5580000, 0x00000000fad00000, 0x0000000100000000)
  eden space 35840K, 99% used [0x00000000f5580000,0x00000000f787fff0,0x00000000f7880000)
  from space 26112K, 0% used [0x00000000f7880000,0x00000000f7880000,0x00000000f9200000)
  to   space 22528K, 0% used [0x00000000f9580000,0x00000000f9580000,0x00000000fab80000)
 ParOldGen       total 349696K, used 349696K [0x00000000e0000000, 0x00000000f5580000, 0x00000000f5580000)
  object space 349696K, 100% used [0x00000000e0000000,0x00000000f5580000,0x00000000f5580000)
 Metaspace       used 61173K, committed 62208K, reserved 1105920K
  class space    used 5993K, committed 6400K, reserved 1048576K
}
Event: 1998.245 GC heap after
{Heap after GC invocations=1521 (full 1416):
 PSYoungGen      total 58368K, used 35839K [0x00000000f5580000, 0x00000000fad00000, 0x0000000100000000)
  eden space 35840K, 99% used [0x00000000f5580000,0x00000000f787fff0,0x00000000f7880000)
  from space 22528K, 0% used [0x00000000f9580000,0x00000000f9580000,0x00000000fab80000)
  to   space 26112K, 0% used [0x00000000f7880000,0x00000000f7880000,0x00000000f9200000)
 ParOldGen       total 349696K, used 349694K [0x00000000e0000000, 0x00000000f5580000, 0x00000000f5580000)
  object space 349696K, 99% used [0x00000000e0000000,0x00000000f557fa60,0x00000000f5580000)
 Metaspace       used 61173K, committed 62208K, reserved 1105920K
  class space    used 5993K, committed 6400K, reserved 1048576K
}
Event: 1998.245 GC heap before
{Heap before GC invocations=1522 (full 1417):
 PSYoungGen      total 58368K, used 35840K [0x00000000f5580000, 0x00000000fad00000, 0x0000000100000000)
  eden space 35840K, 100% used [0x00000000f5580000,0x00000000f7880000,0x00000000f7880000)
  from space 22528K, 0% used [0x00000000f9580000,0x00000000f9580000,0x00000000fab80000)
  to   space 26112K, 0% used [0x00000000f7880000,0x00000000f7880000,0x00000000f9200000)
 ParOldGen       total 349696K, used 349695K [0x00000000e0000000, 0x00000000f5580000, 0x00000000f5580000)
  object space 349696K, 99% used [0x00000000e0000000,0x00000000f557fe88,0x00000000f5580000)
 Metaspace       used 61173K, committed 62208K, reserved 1105920K
  class space    used 5993K, committed 6400K, reserved 1048576K
}
Event: 1999.379 GC heap after
{Heap after GC invocations=1522 (full 1417):
 PSYoungGen      total 61952K, used 35839K [0x00000000f5580000, 0x00000000fad00000, 0x0000000100000000)
  eden space 35840K, 99% used [0x00000000f5580000,0x00000000f787ff98,0x00000000f7880000)
  from space 26112K, 0% used [0x00000000f7880000,0x00000000f7880000,0x00000000f9200000)
  to   space 22528K, 0% used [0x00000000f9580000,0x00000000f9580000,0x00000000fab80000)
 ParOldGen       total 349696K, used 349695K [0x00000000e0000000, 0x00000000f5580000, 0x00000000f5580000)
  object space 349696K, 99% used [0x00000000e0000000,0x00000000f557fce8,0x00000000f5580000)
 Metaspace       used 61173K, committed 62208K, reserved 1105920K
  class space    used 5993K, committed 6400K, reserved 1048576K
}
Event: 1999.379 GC heap before
{Heap before GC invocations=1523 (full 1418):
 PSYoungGen      total 61952K, used 35839K [0x00000000f5580000, 0x00000000fad00000, 0x0000000100000000)
  eden space 35840K, 99% used [0x00000000f5580000,0x00000000f787ff98,0x00000000f7880000)
  from space 26112K, 0% used [0x00000000f7880000,0x00000000f7880000,0x00000000f9200000)
  to   space 22528K, 0% used [0x00000000f9580000,0x00000000f9580000,0x00000000fab80000)
 ParOldGen       total 349696K, used 349695K [0x00000000e0000000, 0x00000000f5580000, 0x00000000f5580000)
  object space 349696K, 99% used [0x00000000e0000000,0x00000000f557fce8,0x00000000f5580000)
 Metaspace       used 61173K, committed 62208K, reserved 1105920K
  class space    used 5993K, committed 6400K, reserved 1048576K
}
Event: 2000.558 GC heap after
{Heap after GC invocations=1523 (full 1418):
 PSYoungGen      total 58368K, used 35839K [0x00000000f5580000, 0x00000000fad00000, 0x0000000100000000)
  eden space 35840K, 99% used [0x00000000f5580000,0x00000000f787ff98,0x00000000f7880000)
  from space 22528K, 0% used [0x00000000f9580000,0x00000000f9580000,0x00000000fab80000)
  to   space 26112K, 0% used [0x00000000f7880000,0x00000000f7880000,0x00000000f9200000)
 ParOldGen       total 349696K, used 349695K [0x00000000e0000000, 0x00000000f5580000, 0x00000000f5580000)
  object space 349696K, 99% used [0x00000000e0000000,0x00000000f557fce8,0x00000000f5580000)
 Metaspace       used 61173K, committed 62208K, reserved 1105920K
  class space    used 5993K, committed 6400K, reserved 1048576K
}
Event: 2000.559 GC heap before
{Heap before GC invocations=1524 (full 1419):
 PSYoungGen      total 58368K, used 35839K [0x00000000f5580000, 0x00000000fad00000, 0x0000000100000000)
  eden space 35840K, 99% used [0x00000000f5580000,0x00000000f787fff8,0x00000000f7880000)
  from space 22528K, 0% used [0x00000000f9580000,0x00000000f9580000,0x00000000fab80000)
  to   space 26112K, 0% used [0x00000000f7880000,0x00000000f7880000,0x00000000f9200000)
 ParOldGen       total 349696K, used 349696K [0x00000000e0000000, 0x00000000f5580000, 0x00000000f5580000)
  object space 349696K, 100% used [0x00000000e0000000,0x00000000f5580000,0x00000000f5580000)
 Metaspace       used 61173K, committed 62208K, reserved 1105920K
  class space    used 5993K, committed 6400K, reserved 1048576K
}
Event: 2001.869 GC heap after
{Heap after GC invocations=1524 (full 1419):
 PSYoungGen      total 61952K, used 35839K [0x00000000f5580000, 0x00000000fad00000, 0x0000000100000000)
  eden space 35840K, 99% used [0x00000000f5580000,0x00000000f787ffa8,0x00000000f7880000)
  from space 26112K, 0% used [0x00000000f7880000,0x00000000f7880000,0x00000000f9200000)
  to   space 22528K, 0% used [0x00000000f9580000,0x00000000f9580000,0x00000000fab80000)
 ParOldGen       total 349696K, used 349695K [0x00000000e0000000, 0x00000000f5580000, 0x00000000f5580000)
  object space 349696K, 99% used [0x00000000e0000000,0x00000000f557ffd0,0x00000000f5580000)
 Metaspace       used 61173K, committed 62208K, reserved 1105920K
  class space    used 5993K, committed 6400K, reserved 1048576K
}
Event: 2001.869 GC heap before
{Heap before GC invocations=1525 (full 1420):
 PSYoungGen      total 61952K, used 35839K [0x00000000f5580000, 0x00000000fad00000, 0x0000000100000000)
  eden space 35840K, 99% used [0x00000000f5580000,0x00000000f787ffe8,0x00000000f7880000)
  from space 26112K, 0% used [0x00000000f7880000,0x00000000f7880000,0x00000000f9200000)
  to   space 22528K, 0% used [0x00000000f9580000,0x00000000f9580000,0x00000000fab80000)
 ParOldGen       total 349696K, used 349695K [0x00000000e0000000, 0x00000000f5580000, 0x00000000f5580000)
  object space 349696K, 99% used [0x00000000e0000000,0x00000000f557ffd0,0x00000000f5580000)
 Metaspace       used 61173K, committed 62208K, reserved 1105920K
  class space    used 5993K, committed 6400K, reserved 1048576K
}
Event: 2003.282 GC heap after
{Heap after GC invocations=1525 (full 1420):
 PSYoungGen      total 58368K, used 35839K [0x00000000f5580000, 0x00000000fad00000, 0x0000000100000000)
  eden space 35840K, 99% used [0x00000000f5580000,0x00000000f787ffe8,0x00000000f7880000)
  from space 22528K, 0% used [0x00000000f9580000,0x00000000f9580000,0x00000000fab80000)
  to   space 26112K, 0% used [0x00000000f7880000,0x00000000f7880000,0x00000000f9200000)
 ParOldGen       total 349696K, used 349695K [0x00000000e0000000, 0x00000000f5580000, 0x00000000f5580000)
  object space 349696K, 99% used [0x00000000e0000000,0x00000000f557ffb0,0x00000000f5580000)
 Metaspace       used 61173K, committed 62208K, reserved 1105920K
  class space    used 5993K, committed 6400K, reserved 1048576K
}
Event: 2003.283 GC heap before
{Heap before GC invocations=1526 (full 1421):
 PSYoungGen      total 58368K, used 35839K [0x00000000f5580000, 0x00000000fad00000, 0x0000000100000000)
  eden space 35840K, 99% used [0x00000000f5580000,0x00000000f787ffe8,0x00000000f7880000)
  from space 22528K, 0% used [0x00000000f9580000,0x00000000f9580000,0x00000000fab80000)
  to   space 26112K, 0% used [0x00000000f7880000,0x00000000f7880000,0x00000000f9200000)
 ParOldGen       total 349696K, used 349695K [0x00000000e0000000, 0x00000000f5580000, 0x00000000f5580000)
  object space 349696K, 99% used [0x00000000e0000000,0x00000000f557fff0,0x00000000f5580000)
 Metaspace       used 61173K, committed 62208K, reserved 1105920K
  class space    used 5993K, committed 6400K, reserved 1048576K
}
Event: 2004.639 GC heap after
{Heap after GC invocations=1526 (full 1421):
 PSYoungGen      total 61952K, used 35839K [0x00000000f5580000, 0x00000000fad00000, 0x0000000100000000)
  eden space 35840K, 99% used [0x00000000f5580000,0x00000000f787ffe8,0x00000000f7880000)
  from space 26112K, 0% used [0x00000000f7880000,0x00000000f7880000,0x00000000f9200000)
  to   space 22528K, 0% used [0x00000000f9580000,0x00000000f9580000,0x00000000fab80000)
 ParOldGen       total 349696K, used 349695K [0x00000000e0000000, 0x00000000f5580000, 0x00000000f5580000)
  object space 349696K, 99% used [0x00000000e0000000,0x00000000f557fff0,0x00000000f5580000)
 Metaspace       used 61173K, committed 62208K, reserved 1105920K
  class space    used 5993K, committed 6400K, reserved 1048576K
}
Event: 2004.639 GC heap before
{Heap before GC invocations=1527 (full 1422):
 PSYoungGen      total 61952K, used 35839K [0x00000000f5580000, 0x00000000fad00000, 0x0000000100000000)
  eden space 35840K, 99% used [0x00000000f5580000,0x00000000f787ffe8,0x00000000f7880000)
  from space 26112K, 0% used [0x00000000f7880000,0x00000000f7880000,0x00000000f9200000)
  to   space 22528K, 0% used [0x00000000f9580000,0x00000000f9580000,0x00000000fab80000)
 ParOldGen       total 349696K, used 349695K [0x00000000e0000000, 0x00000000f5580000, 0x00000000f5580000)
  object space 349696K, 99% used [0x00000000e0000000,0x00000000f557fff0,0x00000000f5580000)
 Metaspace       used 61173K, committed 62208K, reserved 1105920K
  class space    used 5993K, committed 6400K, reserved 1048576K
}
Event: 2006.034 GC heap after
{Heap after GC invocations=1527 (full 1422):
 PSYoungGen      total 58368K, used 35839K [0x00000000f5580000, 0x00000000fad00000, 0x0000000100000000)
  eden space 35840K, 99% used [0x00000000f5580000,0x00000000f787ffe8,0x00000000f7880000)
  from space 22528K, 0% used [0x00000000f9580000,0x00000000f9580000,0x00000000fab80000)
  to   space 26112K, 0% used [0x00000000f7880000,0x00000000f7880000,0x00000000f9200000)
 ParOldGen       total 349696K, used 349695K [0x00000000e0000000, 0x00000000f5580000, 0x00000000f5580000)
  object space 349696K, 99% used [0x00000000e0000000,0x00000000f557fff0,0x00000000f5580000)
 Metaspace       used 61173K, committed 62208K, reserved 1105920K
  class space    used 5993K, committed 6400K, reserved 1048576K
}
Event: 2006.036 GC heap before
{Heap before GC invocations=1528 (full 1423):
 PSYoungGen      total 58368K, used 35839K [0x00000000f5580000, 0x00000000fad00000, 0x0000000100000000)
  eden space 35840K, 99% used [0x00000000f5580000,0x00000000f787ffe8,0x00000000f7880000)
  from space 22528K, 0% used [0x00000000f9580000,0x00000000f9580000,0x00000000fab80000)
  to   space 26112K, 0% used [0x00000000f7880000,0x00000000f7880000,0x00000000f9200000)
 ParOldGen       total 349696K, used 349695K [0x00000000e0000000, 0x00000000f5580000, 0x00000000f5580000)
  object space 349696K, 99% used [0x00000000e0000000,0x00000000f557fff0,0x00000000f5580000)
 Metaspace       used 61173K, committed 62208K, reserved 1105920K
  class space    used 5993K, committed 6400K, reserved 1048576K
}
Event: 2007.155 GC heap after
{Heap after GC invocations=1528 (full 1423):
 PSYoungGen      total 61952K, used 35839K [0x00000000f5580000, 0x00000000fad00000, 0x0000000100000000)
  eden space 35840K, 99% used [0x00000000f5580000,0x00000000f787ffe8,0x00000000f7880000)
  from space 26112K, 0% used [0x00000000f7880000,0x00000000f7880000,0x00000000f9200000)
  to   space 22528K, 0% used [0x00000000f9580000,0x00000000f9580000,0x00000000fab80000)
 ParOldGen       total 349696K, used 349695K [0x00000000e0000000, 0x00000000f5580000, 0x00000000f5580000)
  object space 349696K, 99% used [0x00000000e0000000,0x00000000f557fff0,0x00000000f5580000)
 Metaspace       used 61173K, committed 62208K, reserved 1105920K
  class space    used 5993K, committed 6400K, reserved 1048576K
}
Event: 2007.155 GC heap before
{Heap before GC invocations=1529 (full 1424):
 PSYoungGen      total 61952K, used 35839K [0x00000000f5580000, 0x00000000fad00000, 0x0000000100000000)
  eden space 35840K, 99% used [0x00000000f5580000,0x00000000f787ffe8,0x00000000f7880000)
  from space 26112K, 0% used [0x00000000f7880000,0x00000000f7880000,0x00000000f9200000)
  to   space 22528K, 0% used [0x00000000f9580000,0x00000000f9580000,0x00000000fab80000)
 ParOldGen       total 349696K, used 349695K [0x00000000e0000000, 0x00000000f5580000, 0x00000000f5580000)
  object space 349696K, 99% used [0x00000000e0000000,0x00000000f557fff0,0x00000000f5580000)
 Metaspace       used 61173K, committed 62208K, reserved 1105920K
  class space    used 5993K, committed 6400K, reserved 1048576K
}
Event: 2008.175 GC heap after
{Heap after GC invocations=1529 (full 1424):
 PSYoungGen      total 58368K, used 35839K [0x00000000f5580000, 0x00000000fad00000, 0x0000000100000000)
  eden space 35840K, 99% used [0x00000000f5580000,0x00000000f787ffe8,0x00000000f7880000)
  from space 22528K, 0% used [0x00000000f9580000,0x00000000f9580000,0x00000000fab80000)
  to   space 26112K, 0% used [0x00000000f7880000,0x00000000f7880000,0x00000000f9200000)
 ParOldGen       total 349696K, used 349695K [0x00000000e0000000, 0x00000000f5580000, 0x00000000f5580000)
  object space 349696K, 99% used [0x00000000e0000000,0x00000000f557fff0,0x00000000f5580000)
 Metaspace       used 61173K, committed 62208K, reserved 1105920K
  class space    used 5993K, committed 6400K, reserved 1048576K
}

